2018-10-09 22:22:30 [main] WARN  epam.first.reader.parser.SphereParser - Sphere from line: wasd 10 10 15; can't be created.
edu.epam.first.exception.SphereException: Sphere from line: wasd 10 10 15; can't be created.
	at edu.epam.first.reader.parser.SphereParser.parseLine(SphereParser.java:30) ~[FirstTask/:?]
	at edu.epam.first.reader.parser.SphereParser.parseLines(SphereParser.java:41) [FirstTask/:?]
	at edu.epam.first.reader.parser.SphereParserTest.testParseLines(SphereParserTest.java:23) [FirstTask/:?]
	at jdk.internal.reflect.NativeMethodAccessorImpl.invoke0(Native Method) ~[?:?]
	at jdk.internal.reflect.NativeMethodAccessorImpl.invoke(NativeMethodAccessorImpl.java:62) ~[?:?]
	at jdk.internal.reflect.DelegatingMethodAccessorImpl.invoke(DelegatingMethodAccessorImpl.java:43) ~[?:?]
	at java.lang.reflect.Method.invoke(Method.java:564) ~[?:?]
	at org.testng.internal.MethodInvocationHelper.invokeMethod(MethodInvocationHelper.java:84) [testng-6.8.7.jar:?]
	at org.testng.internal.Invoker.invokeMethod(Invoker.java:714) [testng-6.8.7.jar:?]
	at org.testng.internal.Invoker.invokeTestMethod(Invoker.java:901) [testng-6.8.7.jar:?]
	at org.testng.internal.Invoker.invokeTestMethods(Invoker.java:1231) [testng-6.8.7.jar:?]
	at org.testng.internal.TestMethodWorker.invokeTestMethods(TestMethodWorker.java:127) [testng-6.8.7.jar:?]
	at org.testng.internal.TestMethodWorker.run(TestMethodWorker.java:111) [testng-6.8.7.jar:?]
	at org.testng.TestRunner.privateRun(TestRunner.java:767) [testng-6.8.7.jar:?]
	at org.testng.TestRunner.run(TestRunner.java:617) [testng-6.8.7.jar:?]
	at org.testng.SuiteRunner.runTest(SuiteRunner.java:334) [testng-6.8.7.jar:?]
	at org.testng.SuiteRunner.runSequentially(SuiteRunner.java:329) [testng-6.8.7.jar:?]
	at org.testng.SuiteRunner.privateRun(SuiteRunner.java:291) [testng-6.8.7.jar:?]
	at org.testng.SuiteRunner.run(SuiteRunner.java:240) [testng-6.8.7.jar:?]
	at org.testng.SuiteRunnerWorker.runSuite(SuiteRunnerWorker.java:52) [testng-6.8.7.jar:?]
	at org.testng.SuiteRunnerWorker.run(SuiteRunnerWorker.java:86) [testng-6.8.7.jar:?]
	at org.testng.TestNG.runSuitesSequentially(TestNG.java:1224) [testng-6.8.7.jar:?]
	at org.testng.TestNG.runSuitesLocally(TestNG.java:1149) [testng-6.8.7.jar:?]
	at org.testng.TestNG.run(TestNG.java:1057) [testng-6.8.7.jar:?]
	at org.testng.IDEARemoteTestNG.run(IDEARemoteTestNG.java:72) [testng-plugin.jar:?]
	at org.testng.RemoteTestNGStarter.main(RemoteTestNGStarter.java:123) [testng-plugin.jar:?]
